Using pre-set license
Built from '2020.3/china_unity/release' branch; Version is '2020.3.1f1c1 (3e9f4b065a9d) revision 4104011'; Using compiler version '192528614'; Build Type 'Release'
OS: 'Windows 10 Pro; OS build 22000.258; Version 2009; 64bit' Language: 'zh' Physical Memory: 16324 MB
BatchMode: 1, IsHumanControllingUs: 0, StartBugReporterOnCrash: 0, Is64bit: 1, IsPro: 0

 COMMAND LINE ARGUMENTS:
C:\Program Files\Unity\Hub\Editor\2020.3.1f1c1\Editor\Unity.exe
-adb2
-batchMode
-noUpm
-name
AssetImportWorker0
-projectPath
D:/20Years/Codes/URPCode
-logFile
Logs/AssetImportWorker0.log
-srvPort
49909
Successfully changed project path to: D:/20Years/Codes/URPCode
D:/20Years/Codes/URPCode
Using Asset Import Pipeline V2.
Refreshing native plugins compatible for Editor in 42.91 ms, found 0 plugins.
Preloading 0 native plugins for Editor in 0.00 ms.
Initialize engine version: 2020.3.1f1c1 (3e9f4b065a9d)
[Subsystems] Discovering subsystems at path C:/Program Files/Unity/Hub/Editor/2020.3.1f1c1/Editor/Data/Resources/UnitySubsystems
[Subsystems] Discovering subsystems at path D:/20Years/Codes/URPCode/Assets
GfxDevice: creating device client; threaded=0
Direct3D:
    Version:  Direct3D 11.0 [level 11.1]
    Renderer: NVIDIA GeForce GTX 1070 Ti (ID=0x1b82)
    Vendor:   
    VRAM:     8079 MB
    Driver:   27.21.14.5751
Shader 'Universal Render Pipeline/Particles/Lit': fallback shader 'Universal Render Pipeline/Particles/SimpleLit' not found
Initialize mono
Mono path[0] = 'C:/Program Files/Unity/Hub/Editor/2020.3.1f1c1/Editor/Data/Managed'
Mono path[1] = 'C:/Program Files/Unity/Hub/Editor/2020.3.1f1c1/Editor/Data/MonoBleedingEdge/lib/mono/unityjit'
Mono config path = 'C:/Program Files/Unity/Hub/Editor/2020.3.1f1c1/Editor/Data/MonoBleedingEdge/etc'
Using monoOptions --debugger-agent=transport=dt_socket,embedding=1,server=y,suspend=n,address=127.0.0.1:56972
Begin MonoManager ReloadAssembly
Registering precompiled unity dll's ...
Register platform support module: C:/Program Files/Unity/Hub/Editor/2020.3.1f1c1/Editor/Data/PlaybackEngines/WindowsStandaloneSupport/UnityEditor.WindowsStandalone.Extensions.dll
Registered in 0.004380 seconds.
Native extension for WindowsStandalone target not found
Refreshing native plugins compatible for Editor in 35.54 ms, found 0 plugins.
Preloading 0 native plugins for Editor in 0.00 ms.
Invoked RoslynAnalysisRunner static constructor.
RoslynAnalysisRunner will not be running.
RoslynAnalysisRunner has terminated.
Mono: successfully reloaded assembly
- Completed reload, in  1.128 seconds
Platform modules already initialized, skipping
Registering precompiled user dll's ...
Registered in 0.001120 seconds.
Begin MonoManager ReloadAssembly
Native extension for WindowsStandalone target not found
Refreshing native plugins compatible for Editor in 41.90 ms, found 0 plugins.
Preloading 0 native plugins for Editor in 0.00 ms.
Invoked RoslynAnalysisRunner static constructor.
RoslynAnalysisRunner will not be running.
RoslynAnalysisRunner has terminated.
Mono: successfully reloaded assembly
- Completed reload, in  1.052 seconds
Platform modules already initialized, skipping
========================================================================
Worker process is ready to serve import requests
Shader 'Universal Render Pipeline/Particles/Lit': fallback shader 'Universal Render Pipeline/Particles/SimpleLit' not found
Launched and connected shader compiler UnityShaderCompiler.exe after 0.07 seconds
Refreshing native plugins compatible for Editor in 0.39 ms, found 0 plugins.
Preloading 0 native plugins for Editor in 0.00 ms.
Unloading 2413 Unused Serialized files (Serialized files now loaded: 0)
System memory in use before: 111.6 MB.
System memory in use after: 111.7 MB.

Unloading 10 unused Assets to reduce memory usage. Loaded Objects now: 2854.
Total: 2.180800 ms (FindLiveObjects: 0.260100 ms CreateObjectMapping: 0.159800 ms MarkObjects: 1.701700 ms  DeleteObjects: 0.057900 ms)

========================================================================
Received Import Request.
  path: Packages/com.unity.render-pipelines.universal/Editor/RendererFeatures
  artifactKey: Guid(99a2417e5e722410f9df44751ab0de8a) Importer(815301076,1909f56bfc062723c751e8b465ee728b)
Start importing Packages/com.unity.render-pipelines.universal/Editor/RendererFeatures using Guid(99a2417e5e722410f9df44751ab0de8a) Importer(815301076,1909f56bfc062723c751e8b465ee728b)  -> (artifact id: '3dff5ac0258fe322d1736775a761dee3') in 0.006307 seconds
  Import took 0.011245 seconds .

========================================================================
Received Import Request.
  Time since last request: 166.774671 seconds.
  path: Assets/UniversalRenderPipelineAsset_Renderer.asset
  artifactKey: Guid(d237d7031508b7542a64eccb48249b1e) Importer(815301076,1909f56bfc062723c751e8b465ee728b)
Start importing Assets/UniversalRenderPipelineAsset_Renderer.asset using Guid(d237d7031508b7542a64eccb48249b1e) Importer(815301076,1909f56bfc062723c751e8b465ee728b)  -> (artifact id: '42687ebb9db49bea6eb3b6459c97d37a') in 0.059036 seconds
  Import took 0.063686 seconds .

========================================================================
Received Import Request.
  Time since last request: 3931.184562 seconds.
  path: Packages/com.unity.render-pipelines.universal/Runtime/Materials/ParticlesUnlit.mat
  artifactKey: Guid(e823cd5b5d27c0f4b8256e7c12ee3e6d) Importer(815301076,1909f56bfc062723c751e8b465ee728b)
Start importing Packages/com.unity.render-pipelines.universal/Runtime/Materials/ParticlesUnlit.mat using Guid(e823cd5b5d27c0f4b8256e7c12ee3e6d) Importer(815301076,1909f56bfc062723c751e8b465ee728b)  -> (artifact id: '00012352793c34fff65b78dafa919978') in 0.508246 seconds
  Import took 0.512387 seconds .

========================================================================
Received Import Request.
  Time since last request: 46327.242070 seconds.
  path: Assets/Scenes
  artifactKey: Guid(c1080ff4190f3f34cac679db43f3b393) Importer(815301076,1909f56bfc062723c751e8b465ee728b)
Start importing Assets/Scenes using Guid(c1080ff4190f3f34cac679db43f3b393) Importer(815301076,1909f56bfc062723c751e8b465ee728b)  -> (artifact id: '617bcfb12c985483b8f9c564533ca237') in 0.004609 seconds
  Import took 0.008455 seconds .

========================================================================
Received Import Request.
  Time since last request: 44.119692 seconds.
  path: Packages/com.unity.render-pipelines.universal/Shaders/PostProcessing/Bloom.shader
  artifactKey: Guid(5f1864addb451f54bae8c86d230f736e) Importer(815301076,1909f56bfc062723c751e8b465ee728b)
Start importing Packages/com.unity.render-pipelines.universal/Shaders/PostProcessing/Bloom.shader using Guid(5f1864addb451f54bae8c86d230f736e) Importer(815301076,1909f56bfc062723c751e8b465ee728b)  -> (artifact id: '0057d086af8d6c176bc3ed5431abab20') in 0.011180 seconds
  Import took 0.014996 seconds .

========================================================================
Received Import Request.
  Time since last request: 0.003689 seconds.
  path: Packages/com.unity.render-pipelines.universal/Shaders/PostProcessing/Bloom.shader
  artifactKey: Guid(5f1864addb451f54bae8c86d230f736e) Importer(815301076,1909f56bfc062723c751e8b465ee728b)
Start importing Packages/com.unity.render-pipelines.universal/Shaders/PostProcessing/Bloom.shader using Guid(5f1864addb451f54bae8c86d230f736e) Importer(815301076,1909f56bfc062723c751e8b465ee728b)  -> (artifact id: '0057d086af8d6c176bc3ed5431abab20') in 0.004622 seconds
  Import took 0.008579 seconds .

AssetImportWorkerClient::OnTransportError - code=2 error=End of file
