Using pre-set license
Built from '2020.3/china_unity/release' branch; Version is '2020.3.1f1c1 (3e9f4b065a9d) revision 4104011'; Using compiler version '192528614'; Build Type 'Release'
OS: 'Windows 10 Home China; OS build 19042.1348; Version 2009; 64bit' Language: 'zh' Physical Memory: 65249 MB
BatchMode: 1, IsHumanControllingUs: 0, StartBugReporterOnCrash: 0, Is64bit: 1, IsPro: 0

 COMMAND LINE ARGUMENTS:
C:\Program Files\Unity\Hub\Editor\2020.3.1f1c1\Editor\Unity.exe
-adb2
-batchMode
-noUpm
-name
AssetImportWorker0
-projectPath
D:/20Years/Codes/SRP/Chapter15
-logFile
Logs/AssetImportWorker0.log
-srvPort
50908
Successfully changed project path to: D:/20Years/Codes/SRP/Chapter15
D:/20Years/Codes/SRP/Chapter15
Using Asset Import Pipeline V2.
Refreshing native plugins compatible for Editor in 19.40 ms, found 0 plugins.
Preloading 0 native plugins for Editor in 0.00 ms.
Initialize engine version: 2020.3.1f1c1 (3e9f4b065a9d)
[Subsystems] Discovering subsystems at path C:/Program Files/Unity/Hub/Editor/2020.3.1f1c1/Editor/Data/Resources/UnitySubsystems
[Subsystems] Discovering subsystems at path D:/20Years/Codes/SRP/Chapter15/Assets
GfxDevice: creating device client; threaded=0
Direct3D:
    Version:  Direct3D 11.0 [level 11.1]
    Renderer: NVIDIA GeForce RTX 2060 (ID=0x1f08)
    Vendor:   
    VRAM:     5980 MB
    Driver:   27.21.14.6172
Initialize mono
Mono path[0] = 'C:/Program Files/Unity/Hub/Editor/2020.3.1f1c1/Editor/Data/Managed'
Mono path[1] = 'C:/Program Files/Unity/Hub/Editor/2020.3.1f1c1/Editor/Data/MonoBleedingEdge/lib/mono/unityjit'
Mono config path = 'C:/Program Files/Unity/Hub/Editor/2020.3.1f1c1/Editor/Data/MonoBleedingEdge/etc'
Using monoOptions --debugger-agent=transport=dt_socket,embedding=1,server=y,suspend=n,address=127.0.0.1:56256
Begin MonoManager ReloadAssembly
Registering precompiled unity dll's ...
Register platform support module: C:/Program Files/Unity/Hub/Editor/2020.3.1f1c1/Editor/Data/PlaybackEngines/WindowsStandaloneSupport/UnityEditor.WindowsStandalone.Extensions.dll
Registered in 0.001538 seconds.
Native extension for WindowsStandalone target not found
Refreshing native plugins compatible for Editor in 21.01 ms, found 0 plugins.
Preloading 0 native plugins for Editor in 0.00 ms.
Invoked RoslynAnalysisRunner static constructor.
RoslynAnalysisRunner will not be running.
RoslynAnalysisRunner has terminated.
Mono: successfully reloaded assembly
- Completed reload, in  1.467 seconds
Platform modules already initialized, skipping
Registering precompiled user dll's ...
Registered in 0.000745 seconds.
Begin MonoManager ReloadAssembly
Native extension for WindowsStandalone target not found
Refreshing native plugins compatible for Editor in 20.09 ms, found 0 plugins.
Preloading 0 native plugins for Editor in 0.00 ms.
Invoked RoslynAnalysisRunner static constructor.
RoslynAnalysisRunner will not be running.
RoslynAnalysisRunner has terminated.
Mono: successfully reloaded assembly
- Completed reload, in  0.677 seconds
Platform modules already initialized, skipping
========================================================================
Worker process is ready to serve import requests
Launched and connected shader compiler UnityShaderCompiler.exe after 0.14 seconds
Refreshing native plugins compatible for Editor in 0.22 ms, found 0 plugins.
Preloading 0 native plugins for Editor in 0.00 ms.
Unloading 1206 Unused Serialized files (Serialized files now loaded: 0)
System memory in use before: 59.8 MB.
System memory in use after: 59.9 MB.

Unloading 10 unused Assets to reduce memory usage. Loaded Objects now: 1648.
Total: 1.412500 ms (FindLiveObjects: 0.129100 ms CreateObjectMapping: 0.034100 ms MarkObjects: 1.196300 ms  DeleteObjects: 0.051900 ms)

========================================================================
Received Import Request.
  path: Assets/Scene/Scene15/Scene15.unity
  artifactKey: Guid(d608ce3e59204e8428254e5a0f934929) Importer(815301076,1909f56bfc062723c751e8b465ee728b)
Start importing Assets/Scene/Scene15/Scene15.unity using Guid(d608ce3e59204e8428254e5a0f934929) Importer(815301076,1909f56bfc062723c751e8b465ee728b)  -> (artifact id: '6ae00983f784e227faa7aefa209e44e8') in 0.013473 seconds
  Import took 0.015425 seconds .

========================================================================
Received Import Request.
  Time since last request: 4.052198 seconds.
  path: Assets/Scene/Scene15/Materials/FlipbookParticle.mat
  artifactKey: Guid(9957f6f20b81a924d9e8f89f79840f90) Importer(815301076,1909f56bfc062723c751e8b465ee728b)
Start importing Assets/Scene/Scene15/Materials/FlipbookParticle.mat using Guid(9957f6f20b81a924d9e8f89f79840f90) Importer(815301076,1909f56bfc062723c751e8b465ee728b)  -> (artifact id: '451d6d67f54cc7cc9d99ecd19bd4be1b') in 0.138531 seconds
  Import took 0.140266 seconds .

AssetImportWorkerClient::OnTransportError - code=2 error=End of file
