Using pre-set license
Built from '2020.3/china_unity/release' branch; Version is '2020.3.1f1c1 (3e9f4b065a9d) revision 4104011'; Using compiler version '192528614'; Build Type 'Release'
OS: 'Windows 10 Home China; OS build 19042.1237; Version 2009; 64bit' Language: 'zh' Physical Memory: 65249 MB
BatchMode: 1, IsHumanControllingUs: 0, StartBugReporterOnCrash: 0, Is64bit: 1, IsPro: 0

 COMMAND LINE ARGUMENTS:
C:\Program Files\Unity\Hub\Editor\2020.3.1f1c1\Editor\Unity.exe
-adb2
-batchMode
-noUpm
-name
AssetImportWorker0
-projectPath
D:/20Years/Codes/SRP/Chapter02
-logFile
Logs/AssetImportWorker0.log
-srvPort
49993
Successfully changed project path to: D:/20Years/Codes/SRP/Chapter02
D:/20Years/Codes/SRP/Chapter02
Using Asset Import Pipeline V2.
Refreshing native plugins compatible for Editor in 19.92 ms, found 0 plugins.
Preloading 0 native plugins for Editor in 0.00 ms.
Initialize engine version: 2020.3.1f1c1 (3e9f4b065a9d)
[Subsystems] Discovering subsystems at path C:/Program Files/Unity/Hub/Editor/2020.3.1f1c1/Editor/Data/Resources/UnitySubsystems
[Subsystems] Discovering subsystems at path D:/20Years/Codes/SRP/Chapter02/Assets
GfxDevice: creating device client; threaded=0
Direct3D:
    Version:  Direct3D 11.0 [level 11.1]
    Renderer: NVIDIA GeForce RTX 2060 (ID=0x1f08)
    Vendor:   
    VRAM:     5980 MB
    Driver:   27.21.14.6172
Initialize mono
Mono path[0] = 'C:/Program Files/Unity/Hub/Editor/2020.3.1f1c1/Editor/Data/Managed'
Mono path[1] = 'C:/Program Files/Unity/Hub/Editor/2020.3.1f1c1/Editor/Data/MonoBleedingEdge/lib/mono/unityjit'
Mono config path = 'C:/Program Files/Unity/Hub/Editor/2020.3.1f1c1/Editor/Data/MonoBleedingEdge/etc'
Using monoOptions --debugger-agent=transport=dt_socket,embedding=1,server=y,suspend=n,address=127.0.0.1:56140
Begin MonoManager ReloadAssembly
Registering precompiled unity dll's ...
Register platform support module: C:/Program Files/Unity/Hub/Editor/2020.3.1f1c1/Editor/Data/PlaybackEngines/WindowsStandaloneSupport/UnityEditor.WindowsStandalone.Extensions.dll
Registered in 0.001521 seconds.
Native extension for WindowsStandalone target not found
Refreshing native plugins compatible for Editor in 20.03 ms, found 0 plugins.
Preloading 0 native plugins for Editor in 0.00 ms.
Invoked RoslynAnalysisRunner static constructor.
RoslynAnalysisRunner will not be running.
RoslynAnalysisRunner has terminated.
Mono: successfully reloaded assembly
- Completed reload, in  1.521 seconds
Platform modules already initialized, skipping
Registering precompiled user dll's ...
Registered in 0.000758 seconds.
Begin MonoManager ReloadAssembly
Native extension for WindowsStandalone target not found
Refreshing native plugins compatible for Editor in 26.24 ms, found 0 plugins.
Preloading 0 native plugins for Editor in 0.00 ms.
Invoked RoslynAnalysisRunner static constructor.
RoslynAnalysisRunner will not be running.
RoslynAnalysisRunner has terminated.
Mono: successfully reloaded assembly
- Completed reload, in  0.714 seconds
Platform modules already initialized, skipping
========================================================================
Worker process is ready to serve import requests
Launched and connected shader compiler UnityShaderCompiler.exe after 0.06 seconds
Refreshing native plugins compatible for Editor in 0.22 ms, found 0 plugins.
Preloading 0 native plugins for Editor in 0.00 ms.
Unloading 1293 Unused Serialized files (Serialized files now loaded: 0)
System memory in use before: 63.1 MB.
System memory in use after: 63.1 MB.

Unloading 10 unused Assets to reduce memory usage. Loaded Objects now: 1737.
Total: 1.568200 ms (FindLiveObjects: 0.132100 ms CreateObjectMapping: 0.042400 ms MarkObjects: 1.342600 ms  DeleteObjects: 0.050200 ms)

========================================================================
Received Import Request.
  path: Assets/CustomRP/Runtime/CameraRenderer.cs
  artifactKey: Guid(3c738f303cceaad4981c447dff5b7ec0) Importer(815301076,1909f56bfc062723c751e8b465ee728b)
Start importing Assets/CustomRP/Runtime/CameraRenderer.cs using Guid(3c738f303cceaad4981c447dff5b7ec0) Importer(815301076,1909f56bfc062723c751e8b465ee728b)  -> (artifact id: '76098ac2bb3554d04d2ed424dee36a0b') in 0.019845 seconds
  Import took 0.021861 seconds .

========================================================================
Received Import Request.
  Time since last request: 6.849974 seconds.
  path: Assets/CustomRP/Runtime/CameraRenderer.Editor.cs
  artifactKey: Guid(e638d18945f167744bc8c15ea0436912) Importer(815301076,1909f56bfc062723c751e8b465ee728b)
Start importing Assets/CustomRP/Runtime/CameraRenderer.Editor.cs using Guid(e638d18945f167744bc8c15ea0436912) Importer(815301076,1909f56bfc062723c751e8b465ee728b)  -> (artifact id: '013f323745eb5b23f261601837d0e530') in 0.002454 seconds
  Import took 0.004412 seconds .

========================================================================
Received Import Request.
  Time since last request: 0.889474 seconds.
  path: Assets/CustomRP/Runtime/CustomRenderPipeline.cs
  artifactKey: Guid(202b729131fbe7a41a3a821ff5d5c4f9) Importer(815301076,1909f56bfc062723c751e8b465ee728b)
Start importing Assets/CustomRP/Runtime/CustomRenderPipeline.cs using Guid(202b729131fbe7a41a3a821ff5d5c4f9) Importer(815301076,1909f56bfc062723c751e8b465ee728b)  -> (artifact id: 'd5ad9991de79643ae22dafab327220ab') in 0.002690 seconds
  Import took 0.004757 seconds .

========================================================================
Received Import Request.
  Time since last request: 1.093507 seconds.
  path: Assets/CustomRP/Runtime/CustomRenderPipelineAsset.cs
  artifactKey: Guid(e6ecaaae0ea91564f8e56d78be12afa0) Importer(815301076,1909f56bfc062723c751e8b465ee728b)
Start importing Assets/CustomRP/Runtime/CustomRenderPipelineAsset.cs using Guid(e6ecaaae0ea91564f8e56d78be12afa0) Importer(815301076,1909f56bfc062723c751e8b465ee728b)  -> (artifact id: '7a1662f52c7d5d5662d0b9c25195882f') in 0.002099 seconds
  Import took 0.004241 seconds .

========================================================================
Received Import Request.
  Time since last request: 0.892106 seconds.
  path: Assets/CustomRP/Examples/MeshBall.cs
  artifactKey: Guid(fb87af560ab85c5499099d794d0d4d6e) Importer(815301076,1909f56bfc062723c751e8b465ee728b)
Start importing Assets/CustomRP/Examples/MeshBall.cs using Guid(fb87af560ab85c5499099d794d0d4d6e) Importer(815301076,1909f56bfc062723c751e8b465ee728b)  -> (artifact id: 'c63db45d5102fb8014c1d344d1c2b914') in 0.002291 seconds
  Import took 0.004173 seconds .

========================================================================
Received Import Request.
  Time since last request: 0.799586 seconds.
  path: Assets/CustomRP/Examples/PerObjectMaterialProperties.cs
  artifactKey: Guid(567d30ddbc196b241a3f50699801ed6f) Importer(815301076,1909f56bfc062723c751e8b465ee728b)
Start importing Assets/CustomRP/Examples/PerObjectMaterialProperties.cs using Guid(567d30ddbc196b241a3f50699801ed6f) Importer(815301076,1909f56bfc062723c751e8b465ee728b)  -> (artifact id: '7a5c4046c5e9d4a8ae79a95648fb1241') in 0.003416 seconds
  Import took 0.005242 seconds .

========================================================================
Received Prepare
Registering precompiled user dll's ...
Registered in 0.000774 seconds.
Begin MonoManager ReloadAssembly
Native extension for WindowsStandalone target not found
Refreshing native plugins compatible for Editor in 0.39 ms, found 0 plugins.
Preloading 0 native plugins for Editor in 0.00 ms.
Invoked RoslynAnalysisRunner static constructor.
RoslynAnalysisRunner will not be running.
RoslynAnalysisRunner has terminated.
Mono: successfully reloaded assembly
- Completed reload, in  0.670 seconds
Platform modules already initialized, skipping
Refreshing native plugins compatible for Editor in 0.21 ms, found 0 plugins.
Preloading 0 native plugins for Editor in 0.00 ms.
Unloading 1282 Unused Serialized files (Serialized files now loaded: 0)
System memory in use before: 62.6 MB.
System memory in use after: 62.7 MB.

Unloading 5 unused Assets to reduce memory usage. Loaded Objects now: 1740.
Total: 1.171700 ms (FindLiveObjects: 0.118900 ms CreateObjectMapping: 0.033400 ms MarkObjects: 1.006000 ms  DeleteObjects: 0.012700 ms)

========================================================================
Received Import Request.
  Time since last request: 609.537185 seconds.
  path: Assets/CustomRP/Shaders/Unlit.shader
  artifactKey: Guid(eda327c5a2c481d4ba77d41194538529) Importer(815301076,1909f56bfc062723c751e8b465ee728b)
Start importing Assets/CustomRP/Shaders/Unlit.shader using Guid(eda327c5a2c481d4ba77d41194538529) Importer(815301076,1909f56bfc062723c751e8b465ee728b)  -> (artifact id: '57d85068a4f9bbe6ec9aad38c9f8fcc7') in 0.012188 seconds
  Import took 0.015878 seconds .

========================================================================
Received Import Request.
  Time since last request: 14.993697 seconds.
  path: Assets/CustomRP/Shaders/UnlitPass.hlsl
  artifactKey: Guid(d1bb94c6aa18b994db075b203aff8dcd) Importer(815301076,1909f56bfc062723c751e8b465ee728b)
Start importing Assets/CustomRP/Shaders/UnlitPass.hlsl using Guid(d1bb94c6aa18b994db075b203aff8dcd) Importer(815301076,1909f56bfc062723c751e8b465ee728b)  -> (artifact id: '374694c22b043862e958721bddcf1945') in 0.013367 seconds
  Import took 0.015149 seconds .

========================================================================
Received Import Request.
  Time since last request: 489.560421 seconds.
  path: Assets/CustomRP/ShaderLibrary/Common.hlsl
  artifactKey: Guid(66d77b18d777e4a438667d172e89303e) Importer(815301076,1909f56bfc062723c751e8b465ee728b)
Start importing Assets/CustomRP/ShaderLibrary/Common.hlsl using Guid(66d77b18d777e4a438667d172e89303e) Importer(815301076,1909f56bfc062723c751e8b465ee728b)  -> (artifact id: 'f7dfb6232d810751ca67b6fddeed980e') in 0.003416 seconds
  Import took 0.005273 seconds .

========================================================================
Received Import Request.
  Time since last request: 2.553208 seconds.
  path: Assets/CustomRP/ShaderLibrary/UnityInput.hlsl
  artifactKey: Guid(a5ae928d1258d9d4fbe601c731adec74) Importer(815301076,1909f56bfc062723c751e8b465ee728b)
Start importing Assets/CustomRP/ShaderLibrary/UnityInput.hlsl using Guid(a5ae928d1258d9d4fbe601c731adec74) Importer(815301076,1909f56bfc062723c751e8b465ee728b)  -> (artifact id: '2f207d527e9c045064b23d123a9bc183') in 0.003253 seconds
  Import took 0.004881 seconds .

AssetImportWorkerClient::OnTransportError - code=2 error=End of file
